
=== Fri Feb 14 23:41:34 2020

Packages were changed.
Update Mode: updateDependencies

The following packages were 追加済:
  com.unity.2d.tilemap@1.0.0
  com.unity.collab-proxy@1.2.16
  com.unity.ext.nunit@1.0.0
  com.unity.test-framework@1.0.13
  com.unity.timeline@1.1.0
  com.unity.2d.sprite@1.0.0
  com.unity.ide.vscode@1.1.0
  com.unity.ide.rider@1.1.0
  com.unity.ugui@1.0.0
  com.unity.modules.androidjni@1.0.0
  com.unity.multiplayer-hlapi@1.0.2
  com.unity.xr.legacyinputhelpers@2.0.2
The following packages were 更新済:
  com.unity.analytics をバージョン 2.0.16 から 3.3.2 へ
  com.unity.package-manager-ui をバージョン 1.9.11 から 2.2.0 へ
  com.unity.purchasing をバージョン 2.0.3 から 2.0.6 へ
  com.unity.textmeshpro をバージョン 1.2.4 から 2.0.1 へ

=== Thu Mar 11 20:15:48 2021

Packages were changed.
Update Mode: updateDependencies

The following packages were 更新済:
  com.unity.ads をバージョン 2.0.8 から 3.4.7 へ
  com.unity.analytics をバージョン 3.3.2 から 3.3.5 へ
  com.unity.ide.rider をバージョン 1.1.0 から 1.1.4 へ
  com.unity.ide.vscode をバージョン 1.1.0 から 1.2.1 へ
  com.unity.multiplayer-hlapi をバージョン 1.0.2 から 1.0.6 へ
  com.unity.test-framework をバージョン 1.0.13 から 1.1.14 へ
  com.unity.timeline をバージョン 1.1.0 から 1.2.6 へ
  com.unity.xr.legacyinputhelpers をバージョン 2.0.2 から 2.1.4 へ
The following packages were 削除済:
  com.unity.package-manager-ui@2.2.0
